<?xml version="1.0" encoding="UTF-8"?>
<!-- Generated by org.testng.reporters.JUnitReportReporter -->
<testsuite hostname="monkey" failures="0" tests="1" name="com.hc.datadriven.CredentialsBothCorrect" time="4.854" errors="0" timestamp="2025-02-10T13:51:24 IST" skipped="0">
  <testcase classname="com.hc.datadriven.CredentialsBothCorrect" name="bothCorrect" time="4.854"/>
  <system-out/>
</testsuite> <!-- com.hc.datadriven.CredentialsBothCorrect -->
