<?xml version="1.0" encoding="UTF-8"?>
<!-- Generated by org.testng.reporters.JUnitReportReporter -->
<testsuite hostname="monkey" failures="0" tests="1" name="com.hc.pageobjects.LoginWithoutFindBy" time="13.146" errors="0" timestamp="2025-02-10T13:32:36 IST" skipped="0">
  <testcase classname="com.hc.pageobjects.LoginWithoutFindBy" name="login" time="13.146"/>
  <system-out/>
</testsuite> <!-- com.hc.pageobjects.LoginWithoutFindBy -->
