<?xml version="1.0" encoding="UTF-8"?>
<!-- Generated by org.testng.reporters.JUnitReportReporter -->
<testsuite hostname="monkey" failures="0" tests="1" name="com.hc.datadriven.CredentialsBothIncorrect" time="5.648" errors="0" timestamp="2025-02-10T13:51:24 IST" skipped="0">
  <testcase classname="com.hc.datadriven.CredentialsBothIncorrect" name="bothIncorrect" time="5.648"/>
  <system-out/>
</testsuite> <!-- com.hc.datadriven.CredentialsBothIncorrect -->
