<?xml version="1.0" encoding="UTF-8"?>
<!-- Generated by org.testng.reporters.JUnitReportReporter -->
<testsuite hostname="monkey" failures="0" tests="4" name="com.hc.datadriven.LoginCaseJXL" time="10.284" errors="0" timestamp="2025-02-10T14:57:52 IST" skipped="0">
  <testcase classname="com.hc.datadriven.LoginCaseJXL" name="login" time="2.575"/>
  <system-out/>
  <testcase classname="com.hc.datadriven.LoginCaseJXL" name="login" time="2.770"/>
  <system-out/>
  <testcase classname="com.hc.datadriven.LoginCaseJXL" name="login" time="3.933"/>
  <system-out/>
  <testcase classname="com.hc.datadriven.LoginCaseJXL" name="login" time="1.006"/>
  <system-out/>
</testsuite> <!-- com.hc.datadriven.LoginCaseJXL -->
