<?xml version="1.0" encoding="UTF-8"?>
<!-- Generated by org.testng.reporters.JUnitReportReporter -->
<testsuite hostname="monkey" failures="0" tests="4" name="com.hc.datadriven.LoginCase" time="12.011" errors="0" timestamp="2025-02-10T14:03:33 IST" skipped="0">
  <testcase classname="com.hc.datadriven.LoginCase" name="login" time="1.144"/>
  <system-out/>
  <testcase classname="com.hc.datadriven.LoginCase" name="login" time="7.766"/>
  <system-out/>
  <testcase classname="com.hc.datadriven.LoginCase" name="login" time="1.199"/>
  <system-out/>
  <testcase classname="com.hc.datadriven.LoginCase" name="login" time="1.902"/>
  <system-out/>
</testsuite> <!-- com.hc.datadriven.LoginCase -->
